<?xml version="1.0" encoding="UTF-8"?>
<!-- Generated by org.testng.reporters.JUnitXMLReporter -->
<testsuite ignored="0" hostname="Sakthi" failures="0" tests="3" name="Test" time="40.075" errors="0" timestamp="2025-03-30T20:07:40 IST">
  <testcase classname="testCases.Login_testCases" name="login" time="10.374"/>
  <testcase classname="testCases.SearchHotels_testCases" name="HotelsList" time="19.469"/>
  <testcase classname="testCases.Registration_testCases" name="Registration" time="10.091"/>
</testsuite> <!-- Test -->
